Start testing: Sep 13 02:07 CEST
----------------------------------------------------------
1/10 Testing: read_ints.ReadCorrectly
1/10 Test: read_ints.ReadCorrectly
Command: "/home/nico/code-journeys/scotland-yard-solver/build/tests/cpp/unit_tests" "--gtest_filter=read_ints.ReadCorrectly" "--gtest_also_run_disabled_tests"
Directory: /home/nico/code-journeys/scotland-yard-solver/build/tests/cpp
"read_ints.ReadCorrectly" start time: Sep 13 02:07 CEST
Output:
----------------------------------------------------------
Running main() from ./googletest/src/gtest_main.cc
Note: Google Test filter = read_ints.ReadCorrectly
[==========] Running 1 test from 1 test suite.
[----------] Global test environment set-up.
[----------] 1 test from read_ints
[ RUN      ] read_ints.ReadCorrectly
[       OK ] read_ints.ReadCorrectly (1 ms)
[----------] 1 test from read_ints (1 ms total)

[----------] Global test environment tear-down
[==========] 1 test from 1 test suite ran. (1 ms total)
[  PASSED  ] 1 test.
<end of output>
Test time =   0.03 sec
----------------------------------------------------------
Test Passed.
"read_ints.ReadCorrectly" end time: Sep 13 02:07 CEST
"read_ints.ReadCorrectly" time elapsed: 00:00:00
----------------------------------------------------------

2/10 Testing: read_ints.ThrowIfVectorNotEmpty
2/10 Test: read_ints.ThrowIfVectorNotEmpty
Command: "/home/nico/code-journeys/scotland-yard-solver/build/tests/cpp/unit_tests" "--gtest_filter=read_ints.ThrowIfVectorNotEmpty" "--gtest_also_run_disabled_tests"
Directory: /home/nico/code-journeys/scotland-yard-solver/build/tests/cpp
"read_ints.ThrowIfVectorNotEmpty" start time: Sep 13 02:07 CEST
Output:
----------------------------------------------------------
Running main() from ./googletest/src/gtest_main.cc
Note: Google Test filter = read_ints.ThrowIfVectorNotEmpty
[==========] Running 1 test from 1 test suite.
[----------] Global test environment set-up.
[----------] 1 test from read_ints
[ RUN      ] read_ints.ThrowIfVectorNotEmpty
[       OK ] read_ints.ThrowIfVectorNotEmpty (0 ms)
[----------] 1 test from read_ints (0 ms total)

[----------] Global test environment tear-down
[==========] 1 test from 1 test suite ran. (1 ms total)
[  PASSED  ] 1 test.
<end of output>
Test time =   0.04 sec
----------------------------------------------------------
Test Passed.
"read_ints.ThrowIfVectorNotEmpty" end time: Sep 13 02:07 CEST
"read_ints.ThrowIfVectorNotEmpty" time elapsed: 00:00:00
----------------------------------------------------------

3/10 Testing: read_ints.ThrowIfFileMissing
3/10 Test: read_ints.ThrowIfFileMissing
Command: "/home/nico/code-journeys/scotland-yard-solver/build/tests/cpp/unit_tests" "--gtest_filter=read_ints.ThrowIfFileMissing" "--gtest_also_run_disabled_tests"
Directory: /home/nico/code-journeys/scotland-yard-solver/build/tests/cpp
"read_ints.ThrowIfFileMissing" start time: Sep 13 02:07 CEST
Output:
----------------------------------------------------------
Running main() from ./googletest/src/gtest_main.cc
Note: Google Test filter = read_ints.ThrowIfFileMissing
[==========] Running 1 test from 1 test suite.
[----------] Global test environment set-up.
[----------] 1 test from read_ints
[ RUN      ] read_ints.ThrowIfFileMissing
[       OK ] read_ints.ThrowIfFileMissing (0 ms)
[----------] 1 test from read_ints (1 ms total)

[----------] Global test environment tear-down
[==========] 1 test from 1 test suite ran. (1 ms total)
[  PASSED  ] 1 test.
<end of output>
Test time =   0.03 sec
----------------------------------------------------------
Test Passed.
"read_ints.ThrowIfFileMissing" end time: Sep 13 02:07 CEST
"read_ints.ThrowIfFileMissing" time elapsed: 00:00:00
----------------------------------------------------------

4/10 Testing: read_ints.ThrowIfInvalidInteger
4/10 Test: read_ints.ThrowIfInvalidInteger
Command: "/home/nico/code-journeys/scotland-yard-solver/build/tests/cpp/unit_tests" "--gtest_filter=read_ints.ThrowIfInvalidInteger" "--gtest_also_run_disabled_tests"
Directory: /home/nico/code-journeys/scotland-yard-solver/build/tests/cpp
"read_ints.ThrowIfInvalidInteger" start time: Sep 13 02:07 CEST
Output:
----------------------------------------------------------
Running main() from ./googletest/src/gtest_main.cc
Note: Google Test filter = read_ints.ThrowIfInvalidInteger
[==========] Running 1 test from 1 test suite.
[----------] Global test environment set-up.
[----------] 1 test from read_ints
[ RUN      ] read_ints.ThrowIfInvalidInteger
[       OK ] read_ints.ThrowIfInvalidInteger (2 ms)
[----------] 1 test from read_ints (2 ms total)

[----------] Global test environment tear-down
[==========] 1 test from 1 test suite ran. (2 ms total)
[  PASSED  ] 1 test.
<end of output>
Test time =   0.04 sec
----------------------------------------------------------
Test Passed.
"read_ints.ThrowIfInvalidInteger" end time: Sep 13 02:07 CEST
"read_ints.ThrowIfInvalidInteger" time elapsed: 00:00:00
----------------------------------------------------------

5/10 Testing: read_ints.ThrowIfNotEnoughLines
5/10 Test: read_ints.ThrowIfNotEnoughLines
Command: "/home/nico/code-journeys/scotland-yard-solver/build/tests/cpp/unit_tests" "--gtest_filter=read_ints.ThrowIfNotEnoughLines" "--gtest_also_run_disabled_tests"
Directory: /home/nico/code-journeys/scotland-yard-solver/build/tests/cpp
"read_ints.ThrowIfNotEnoughLines" start time: Sep 13 02:07 CEST
Output:
----------------------------------------------------------
Running main() from ./googletest/src/gtest_main.cc
Note: Google Test filter = read_ints.ThrowIfNotEnoughLines
[==========] Running 1 test from 1 test suite.
[----------] Global test environment set-up.
[----------] 1 test from read_ints
[ RUN      ] read_ints.ThrowIfNotEnoughLines
[       OK ] read_ints.ThrowIfNotEnoughLines (1 ms)
[----------] 1 test from read_ints (1 ms total)

[----------] Global test environment tear-down
[==========] 1 test from 1 test suite ran. (1 ms total)
[  PASSED  ] 1 test.
<end of output>
Test time =   0.04 sec
----------------------------------------------------------
Test Passed.
"read_ints.ThrowIfNotEnoughLines" end time: Sep 13 02:07 CEST
"read_ints.ThrowIfNotEnoughLines" time elapsed: 00:00:00
----------------------------------------------------------

6/10 Testing: read_int_pairs.ReadCorrectly
6/10 Test: read_int_pairs.ReadCorrectly
Command: "/home/nico/code-journeys/scotland-yard-solver/build/tests/cpp/unit_tests" "--gtest_filter=read_int_pairs.ReadCorrectly" "--gtest_also_run_disabled_tests"
Directory: /home/nico/code-journeys/scotland-yard-solver/build/tests/cpp
"read_int_pairs.ReadCorrectly" start time: Sep 13 02:07 CEST
Output:
----------------------------------------------------------
Running main() from ./googletest/src/gtest_main.cc
Note: Google Test filter = read_int_pairs.ReadCorrectly
[==========] Running 1 test from 1 test suite.
[----------] Global test environment set-up.
[----------] 1 test from read_int_pairs
[ RUN      ] read_int_pairs.ReadCorrectly
[       OK ] read_int_pairs.ReadCorrectly (1 ms)
[----------] 1 test from read_int_pairs (1 ms total)

[----------] Global test environment tear-down
[==========] 1 test from 1 test suite ran. (1 ms total)
[  PASSED  ] 1 test.
<end of output>
Test time =   0.03 sec
----------------------------------------------------------
Test Passed.
"read_int_pairs.ReadCorrectly" end time: Sep 13 02:07 CEST
"read_int_pairs.ReadCorrectly" time elapsed: 00:00:00
----------------------------------------------------------

7/10 Testing: read_int_pairs.ThrowIfVectorNotEmpty
7/10 Test: read_int_pairs.ThrowIfVectorNotEmpty
Command: "/home/nico/code-journeys/scotland-yard-solver/build/tests/cpp/unit_tests" "--gtest_filter=read_int_pairs.ThrowIfVectorNotEmpty" "--gtest_also_run_disabled_tests"
Directory: /home/nico/code-journeys/scotland-yard-solver/build/tests/cpp
"read_int_pairs.ThrowIfVectorNotEmpty" start time: Sep 13 02:07 CEST
Output:
----------------------------------------------------------
Running main() from ./googletest/src/gtest_main.cc
Note: Google Test filter = read_int_pairs.ThrowIfVectorNotEmpty
[==========] Running 1 test from 1 test suite.
[----------] Global test environment set-up.
[----------] 1 test from read_int_pairs
[ RUN      ] read_int_pairs.ThrowIfVectorNotEmpty
[       OK ] read_int_pairs.ThrowIfVectorNotEmpty (0 ms)
[----------] 1 test from read_int_pairs (0 ms total)

[----------] Global test environment tear-down
[==========] 1 test from 1 test suite ran. (0 ms total)
[  PASSED  ] 1 test.
<end of output>
Test time =   0.03 sec
----------------------------------------------------------
Test Passed.
"read_int_pairs.ThrowIfVectorNotEmpty" end time: Sep 13 02:07 CEST
"read_int_pairs.ThrowIfVectorNotEmpty" time elapsed: 00:00:00
----------------------------------------------------------

8/10 Testing: read_int_pairs.ThrowIfFileMissing
8/10 Test: read_int_pairs.ThrowIfFileMissing
Command: "/home/nico/code-journeys/scotland-yard-solver/build/tests/cpp/unit_tests" "--gtest_filter=read_int_pairs.ThrowIfFileMissing" "--gtest_also_run_disabled_tests"
Directory: /home/nico/code-journeys/scotland-yard-solver/build/tests/cpp
"read_int_pairs.ThrowIfFileMissing" start time: Sep 13 02:07 CEST
Output:
----------------------------------------------------------
Running main() from ./googletest/src/gtest_main.cc
Note: Google Test filter = read_int_pairs.ThrowIfFileMissing
[==========] Running 1 test from 1 test suite.
[----------] Global test environment set-up.
[----------] 1 test from read_int_pairs
[ RUN      ] read_int_pairs.ThrowIfFileMissing
[       OK ] read_int_pairs.ThrowIfFileMissing (1 ms)
[----------] 1 test from read_int_pairs (1 ms total)

[----------] Global test environment tear-down
[==========] 1 test from 1 test suite ran. (1 ms total)
[  PASSED  ] 1 test.
<end of output>
Test time =   0.03 sec
----------------------------------------------------------
Test Passed.
"read_int_pairs.ThrowIfFileMissing" end time: Sep 13 02:07 CEST
"read_int_pairs.ThrowIfFileMissing" time elapsed: 00:00:00
----------------------------------------------------------

9/10 Testing: read_int_pairs.ThrowIfInvalidIntegerPair
9/10 Test: read_int_pairs.ThrowIfInvalidIntegerPair
Command: "/home/nico/code-journeys/scotland-yard-solver/build/tests/cpp/unit_tests" "--gtest_filter=read_int_pairs.ThrowIfInvalidIntegerPair" "--gtest_also_run_disabled_tests"
Directory: /home/nico/code-journeys/scotland-yard-solver/build/tests/cpp
"read_int_pairs.ThrowIfInvalidIntegerPair" start time: Sep 13 02:07 CEST
Output:
----------------------------------------------------------
Running main() from ./googletest/src/gtest_main.cc
Note: Google Test filter = read_int_pairs.ThrowIfInvalidIntegerPair
[==========] Running 1 test from 1 test suite.
[----------] Global test environment set-up.
[----------] 1 test from read_int_pairs
[ RUN      ] read_int_pairs.ThrowIfInvalidIntegerPair
[       OK ] read_int_pairs.ThrowIfInvalidIntegerPair (3 ms)
[----------] 1 test from read_int_pairs (3 ms total)

[----------] Global test environment tear-down
[==========] 1 test from 1 test suite ran. (4 ms total)
[  PASSED  ] 1 test.
<end of output>
Test time =   0.04 sec
----------------------------------------------------------
Test Passed.
"read_int_pairs.ThrowIfInvalidIntegerPair" end time: Sep 13 02:07 CEST
"read_int_pairs.ThrowIfInvalidIntegerPair" time elapsed: 00:00:00
----------------------------------------------------------

10/10 Testing: read_int_pairs.ThrowIfNotEnoughLines
10/10 Test: read_int_pairs.ThrowIfNotEnoughLines
Command: "/home/nico/code-journeys/scotland-yard-solver/build/tests/cpp/unit_tests" "--gtest_filter=read_int_pairs.ThrowIfNotEnoughLines" "--gtest_also_run_disabled_tests"
Directory: /home/nico/code-journeys/scotland-yard-solver/build/tests/cpp
"read_int_pairs.ThrowIfNotEnoughLines" start time: Sep 13 02:07 CEST
Output:
----------------------------------------------------------
Running main() from ./googletest/src/gtest_main.cc
Note: Google Test filter = read_int_pairs.ThrowIfNotEnoughLines
[==========] Running 1 test from 1 test suite.
[----------] Global test environment set-up.
[----------] 1 test from read_int_pairs
[ RUN      ] read_int_pairs.ThrowIfNotEnoughLines
[       OK ] read_int_pairs.ThrowIfNotEnoughLines (1 ms)
[----------] 1 test from read_int_pairs (1 ms total)

[----------] Global test environment tear-down
[==========] 1 test from 1 test suite ran. (1 ms total)
[  PASSED  ] 1 test.
<end of output>
Test time =   0.04 sec
----------------------------------------------------------
Test Passed.
"read_int_pairs.ThrowIfNotEnoughLines" end time: Sep 13 02:07 CEST
"read_int_pairs.ThrowIfNotEnoughLines" time elapsed: 00:00:00
----------------------------------------------------------

End testing: Sep 13 02:07 CEST
